2017-05-27 09:20:16,003 [main] INFO  [org.elasticsearch.plugins.PluginsService] - no modules loaded
2017-05-27 09:20:16,084 [main] INFO  [org.elasticsearch.plugins.PluginsService] - loaded plugin [org.elasticsearch.index.reindex.ReindexPlugin]
2017-05-27 09:20:16,085 [main] INFO  [org.elasticsearch.plugins.PluginsService] - loaded plugin [org.elasticsearch.percolator.PercolatorPlugin]
2017-05-27 09:20:16,086 [main] INFO  [org.elasticsearch.plugins.PluginsService] - loaded plugin [org.elasticsearch.script.mustache.MustachePlugin]
2017-05-27 09:20:16,086 [main] INFO  [org.elasticsearch.plugins.PluginsService] - loaded plugin [org.elasticsearch.transport.Netty3Plugin]
2017-05-27 09:20:16,087 [main] INFO  [org.elasticsearch.plugins.PluginsService] - loaded plugin [org.elasticsearch.transport.Netty4Plugin]
2017-05-27 09:21:03,757 [main] INFO  [org.elasticsearch.plugins.PluginsService] - no modules loaded
2017-05-27 09:21:03,763 [main] INFO  [org.elasticsearch.plugins.PluginsService] - loaded plugin [org.elasticsearch.index.reindex.ReindexPlugin]
2017-05-27 09:21:03,763 [main] INFO  [org.elasticsearch.plugins.PluginsService] - loaded plugin [org.elasticsearch.percolator.PercolatorPlugin]
2017-05-27 09:21:03,764 [main] INFO  [org.elasticsearch.plugins.PluginsService] - loaded plugin [org.elasticsearch.script.mustache.MustachePlugin]
2017-05-27 09:21:03,764 [main] INFO  [org.elasticsearch.plugins.PluginsService] - loaded plugin [org.elasticsearch.transport.Netty3Plugin]
2017-05-27 09:21:03,764 [main] INFO  [org.elasticsearch.plugins.PluginsService] - loaded plugin [org.elasticsearch.transport.Netty4Plugin]
2017-05-27 09:21:42,430 [main] INFO  [org.elasticsearch.plugins.PluginsService] - no modules loaded
2017-05-27 09:21:42,436 [main] INFO  [org.elasticsearch.plugins.PluginsService] - loaded plugin [org.elasticsearch.index.reindex.ReindexPlugin]
2017-05-27 09:21:42,436 [main] INFO  [org.elasticsearch.plugins.PluginsService] - loaded plugin [org.elasticsearch.percolator.PercolatorPlugin]
2017-05-27 09:21:42,436 [main] INFO  [org.elasticsearch.plugins.PluginsService] - loaded plugin [org.elasticsearch.script.mustache.MustachePlugin]
2017-05-27 09:21:42,437 [main] INFO  [org.elasticsearch.plugins.PluginsService] - loaded plugin [org.elasticsearch.transport.Netty3Plugin]
2017-05-27 09:21:42,437 [main] INFO  [org.elasticsearch.plugins.PluginsService] - loaded plugin [org.elasticsearch.transport.Netty4Plugin]
2017-05-27 09:30:52,091 [main] INFO  [org.elasticsearch.plugins.PluginsService] - no modules loaded
2017-05-27 09:30:52,096 [main] INFO  [org.elasticsearch.plugins.PluginsService] - loaded plugin [org.elasticsearch.index.reindex.ReindexPlugin]
2017-05-27 09:30:52,097 [main] INFO  [org.elasticsearch.plugins.PluginsService] - loaded plugin [org.elasticsearch.percolator.PercolatorPlugin]
2017-05-27 09:30:52,097 [main] INFO  [org.elasticsearch.plugins.PluginsService] - loaded plugin [org.elasticsearch.script.mustache.MustachePlugin]
2017-05-27 09:30:52,097 [main] INFO  [org.elasticsearch.plugins.PluginsService] - loaded plugin [org.elasticsearch.transport.Netty3Plugin]
2017-05-27 09:30:52,098 [main] INFO  [org.elasticsearch.plugins.PluginsService] - loaded plugin [org.elasticsearch.transport.Netty4Plugin]
2017-05-27 09:39:10,105 [main] INFO  [org.elasticsearch.plugins.PluginsService] - no modules loaded
2017-05-27 09:39:10,112 [main] INFO  [org.elasticsearch.plugins.PluginsService] - loaded plugin [org.elasticsearch.index.reindex.ReindexPlugin]
2017-05-27 09:39:10,112 [main] INFO  [org.elasticsearch.plugins.PluginsService] - loaded plugin [org.elasticsearch.percolator.PercolatorPlugin]
2017-05-27 09:39:10,112 [main] INFO  [org.elasticsearch.plugins.PluginsService] - loaded plugin [org.elasticsearch.script.mustache.MustachePlugin]
2017-05-27 09:39:10,112 [main] INFO  [org.elasticsearch.plugins.PluginsService] - loaded plugin [org.elasticsearch.transport.Netty3Plugin]
2017-05-27 09:39:10,113 [main] INFO  [org.elasticsearch.plugins.PluginsService] - loaded plugin [org.elasticsearch.transport.Netty4Plugin]
2017-05-27 09:39:39,658 [main] INFO  [org.elasticsearch.plugins.PluginsService] - no modules loaded
2017-05-27 09:39:39,664 [main] INFO  [org.elasticsearch.plugins.PluginsService] - loaded plugin [org.elasticsearch.index.reindex.ReindexPlugin]
2017-05-27 09:39:39,664 [main] INFO  [org.elasticsearch.plugins.PluginsService] - loaded plugin [org.elasticsearch.percolator.PercolatorPlugin]
2017-05-27 09:39:39,665 [main] INFO  [org.elasticsearch.plugins.PluginsService] - loaded plugin [org.elasticsearch.script.mustache.MustachePlugin]
2017-05-27 09:39:39,665 [main] INFO  [org.elasticsearch.plugins.PluginsService] - loaded plugin [org.elasticsearch.transport.Netty3Plugin]
2017-05-27 09:39:39,665 [main] INFO  [org.elasticsearch.plugins.PluginsService] - loaded plugin [org.elasticsearch.transport.Netty4Plugin]
2017-05-27 09:42:10,996 [main] INFO  [org.elasticsearch.plugins.PluginsService] - no modules loaded
2017-05-27 09:42:11,011 [main] INFO  [org.elasticsearch.plugins.PluginsService] - loaded plugin [org.elasticsearch.index.reindex.ReindexPlugin]
2017-05-27 09:42:11,012 [main] INFO  [org.elasticsearch.plugins.PluginsService] - loaded plugin [org.elasticsearch.percolator.PercolatorPlugin]
2017-05-27 09:42:11,013 [main] INFO  [org.elasticsearch.plugins.PluginsService] - loaded plugin [org.elasticsearch.script.mustache.MustachePlugin]
2017-05-27 09:42:11,013 [main] INFO  [org.elasticsearch.plugins.PluginsService] - loaded plugin [org.elasticsearch.transport.Netty3Plugin]
2017-05-27 09:42:11,014 [main] INFO  [org.elasticsearch.plugins.PluginsService] - loaded plugin [org.elasticsearch.transport.Netty4Plugin]
2017-05-27 09:45:07,382 [main] INFO  [org.elasticsearch.plugins.PluginsService] - no modules loaded
2017-05-27 09:45:07,388 [main] INFO  [org.elasticsearch.plugins.PluginsService] - loaded plugin [org.elasticsearch.index.reindex.ReindexPlugin]
2017-05-27 09:45:07,388 [main] INFO  [org.elasticsearch.plugins.PluginsService] - loaded plugin [org.elasticsearch.percolator.PercolatorPlugin]
2017-05-27 09:45:07,388 [main] INFO  [org.elasticsearch.plugins.PluginsService] - loaded plugin [org.elasticsearch.script.mustache.MustachePlugin]
2017-05-27 09:45:07,389 [main] INFO  [org.elasticsearch.plugins.PluginsService] - loaded plugin [org.elasticsearch.transport.Netty3Plugin]
2017-05-27 09:45:07,389 [main] INFO  [org.elasticsearch.plugins.PluginsService] - loaded plugin [org.elasticsearch.transport.Netty4Plugin]
2017-05-27 09:46:11,652 [main] INFO  [org.elasticsearch.plugins.PluginsService] - no modules loaded
2017-05-27 09:46:11,660 [main] INFO  [org.elasticsearch.plugins.PluginsService] - loaded plugin [org.elasticsearch.index.reindex.ReindexPlugin]
2017-05-27 09:46:11,660 [main] INFO  [org.elasticsearch.plugins.PluginsService] - loaded plugin [org.elasticsearch.percolator.PercolatorPlugin]
2017-05-27 09:46:11,660 [main] INFO  [org.elasticsearch.plugins.PluginsService] - loaded plugin [org.elasticsearch.script.mustache.MustachePlugin]
2017-05-27 09:46:11,661 [main] INFO  [org.elasticsearch.plugins.PluginsService] - loaded plugin [org.elasticsearch.transport.Netty3Plugin]
2017-05-27 09:46:11,661 [main] INFO  [org.elasticsearch.plugins.PluginsService] - loaded plugin [org.elasticsearch.transport.Netty4Plugin]
2017-05-27 09:49:37,019 [main] INFO  [org.elasticsearch.plugins.PluginsService] - no modules loaded
2017-05-27 09:49:37,026 [main] INFO  [org.elasticsearch.plugins.PluginsService] - loaded plugin [org.elasticsearch.index.reindex.ReindexPlugin]
2017-05-27 09:49:37,026 [main] INFO  [org.elasticsearch.plugins.PluginsService] - loaded plugin [org.elasticsearch.percolator.PercolatorPlugin]
2017-05-27 09:49:37,027 [main] INFO  [org.elasticsearch.plugins.PluginsService] - loaded plugin [org.elasticsearch.script.mustache.MustachePlugin]
2017-05-27 09:49:37,027 [main] INFO  [org.elasticsearch.plugins.PluginsService] - loaded plugin [org.elasticsearch.transport.Netty3Plugin]
2017-05-27 09:49:37,027 [main] INFO  [org.elasticsearch.plugins.PluginsService] - loaded plugin [org.elasticsearch.transport.Netty4Plugin]
2017-05-27 09:52:11,532 [main] INFO  [org.elasticsearch.plugins.PluginsService] - no modules loaded
2017-05-27 09:52:11,538 [main] INFO  [org.elasticsearch.plugins.PluginsService] - loaded plugin [org.elasticsearch.index.reindex.ReindexPlugin]
2017-05-27 09:52:11,538 [main] INFO  [org.elasticsearch.plugins.PluginsService] - loaded plugin [org.elasticsearch.percolator.PercolatorPlugin]
2017-05-27 09:52:11,539 [main] INFO  [org.elasticsearch.plugins.PluginsService] - loaded plugin [org.elasticsearch.script.mustache.MustachePlugin]
2017-05-27 09:52:11,539 [main] INFO  [org.elasticsearch.plugins.PluginsService] - loaded plugin [org.elasticsearch.transport.Netty3Plugin]
2017-05-27 09:52:11,539 [main] INFO  [org.elasticsearch.plugins.PluginsService] - loaded plugin [org.elasticsearch.transport.Netty4Plugin]
2017-05-27 09:55:40,695 [main] INFO  [org.elasticsearch.plugins.PluginsService] - no modules loaded
2017-05-27 09:55:40,700 [main] INFO  [org.elasticsearch.plugins.PluginsService] - loaded plugin [org.elasticsearch.index.reindex.ReindexPlugin]
2017-05-27 09:55:40,701 [main] INFO  [org.elasticsearch.plugins.PluginsService] - loaded plugin [org.elasticsearch.percolator.PercolatorPlugin]
2017-05-27 09:55:40,701 [main] INFO  [org.elasticsearch.plugins.PluginsService] - loaded plugin [org.elasticsearch.script.mustache.MustachePlugin]
2017-05-27 09:55:40,701 [main] INFO  [org.elasticsearch.plugins.PluginsService] - loaded plugin [org.elasticsearch.transport.Netty3Plugin]
2017-05-27 09:55:40,701 [main] INFO  [org.elasticsearch.plugins.PluginsService] - loaded plugin [org.elasticsearch.transport.Netty4Plugin]
2017-05-27 09:56:22,803 [main] INFO  [org.elasticsearch.plugins.PluginsService] - no modules loaded
2017-05-27 09:56:22,809 [main] INFO  [org.elasticsearch.plugins.PluginsService] - loaded plugin [org.elasticsearch.index.reindex.ReindexPlugin]
2017-05-27 09:56:22,809 [main] INFO  [org.elasticsearch.plugins.PluginsService] - loaded plugin [org.elasticsearch.percolator.PercolatorPlugin]
2017-05-27 09:56:22,810 [main] INFO  [org.elasticsearch.plugins.PluginsService] - loaded plugin [org.elasticsearch.script.mustache.MustachePlugin]
2017-05-27 09:56:22,810 [main] INFO  [org.elasticsearch.plugins.PluginsService] - loaded plugin [org.elasticsearch.transport.Netty3Plugin]
2017-05-27 09:56:22,810 [main] INFO  [org.elasticsearch.plugins.PluginsService] - loaded plugin [org.elasticsearch.transport.Netty4Plugin]
2017-05-27 10:03:30,034 [main] INFO  [org.elasticsearch.plugins.PluginsService] - no modules loaded
2017-05-27 10:03:30,040 [main] INFO  [org.elasticsearch.plugins.PluginsService] - loaded plugin [org.elasticsearch.index.reindex.ReindexPlugin]
2017-05-27 10:03:30,040 [main] INFO  [org.elasticsearch.plugins.PluginsService] - loaded plugin [org.elasticsearch.percolator.PercolatorPlugin]
2017-05-27 10:03:30,041 [main] INFO  [org.elasticsearch.plugins.PluginsService] - loaded plugin [org.elasticsearch.script.mustache.MustachePlugin]
2017-05-27 10:03:30,041 [main] INFO  [org.elasticsearch.plugins.PluginsService] - loaded plugin [org.elasticsearch.transport.Netty3Plugin]
2017-05-27 10:03:30,041 [main] INFO  [org.elasticsearch.plugins.PluginsService] - loaded plugin [org.elasticsearch.transport.Netty4Plugin]
2017-05-27 10:19:35,297 [main] INFO  [org.elasticsearch.plugins.PluginsService] - no modules loaded
2017-05-27 10:19:35,303 [main] INFO  [org.elasticsearch.plugins.PluginsService] - loaded plugin [org.elasticsearch.index.reindex.ReindexPlugin]
2017-05-27 10:19:35,303 [main] INFO  [org.elasticsearch.plugins.PluginsService] - loaded plugin [org.elasticsearch.percolator.PercolatorPlugin]
2017-05-27 10:19:35,304 [main] INFO  [org.elasticsearch.plugins.PluginsService] - loaded plugin [org.elasticsearch.script.mustache.MustachePlugin]
2017-05-27 10:19:35,304 [main] INFO  [org.elasticsearch.plugins.PluginsService] - loaded plugin [org.elasticsearch.transport.Netty3Plugin]
2017-05-27 10:19:35,305 [main] INFO  [org.elasticsearch.plugins.PluginsService] - loaded plugin [org.elasticsearch.transport.Netty4Plugin]
2017-05-27 10:38:26,453 [main] INFO  [org.elasticsearch.plugins.PluginsService] - no modules loaded
2017-05-27 10:38:26,460 [main] INFO  [org.elasticsearch.plugins.PluginsService] - loaded plugin [org.elasticsearch.index.reindex.ReindexPlugin]
2017-05-27 10:38:26,460 [main] INFO  [org.elasticsearch.plugins.PluginsService] - loaded plugin [org.elasticsearch.percolator.PercolatorPlugin]
2017-05-27 10:38:26,461 [main] INFO  [org.elasticsearch.plugins.PluginsService] - loaded plugin [org.elasticsearch.script.mustache.MustachePlugin]
2017-05-27 10:38:26,461 [main] INFO  [org.elasticsearch.plugins.PluginsService] - loaded plugin [org.elasticsearch.transport.Netty3Plugin]
2017-05-27 10:38:26,461 [main] INFO  [org.elasticsearch.plugins.PluginsService] - loaded plugin [org.elasticsearch.transport.Netty4Plugin]
2017-05-27 10:40:58,600 [main] INFO  [org.elasticsearch.plugins.PluginsService] - no modules loaded
2017-05-27 10:40:58,607 [main] INFO  [org.elasticsearch.plugins.PluginsService] - loaded plugin [org.elasticsearch.index.reindex.ReindexPlugin]
2017-05-27 10:40:58,607 [main] INFO  [org.elasticsearch.plugins.PluginsService] - loaded plugin [org.elasticsearch.percolator.PercolatorPlugin]
2017-05-27 10:40:58,607 [main] INFO  [org.elasticsearch.plugins.PluginsService] - loaded plugin [org.elasticsearch.script.mustache.MustachePlugin]
2017-05-27 10:40:58,607 [main] INFO  [org.elasticsearch.plugins.PluginsService] - loaded plugin [org.elasticsearch.transport.Netty3Plugin]
2017-05-27 10:40:58,608 [main] INFO  [org.elasticsearch.plugins.PluginsService] - loaded plugin [org.elasticsearch.transport.Netty4Plugin]
2017-05-27 10:41:23,376 [main] INFO  [org.elasticsearch.plugins.PluginsService] - no modules loaded
2017-05-27 10:41:23,383 [main] INFO  [org.elasticsearch.plugins.PluginsService] - loaded plugin [org.elasticsearch.index.reindex.ReindexPlugin]
2017-05-27 10:41:23,384 [main] INFO  [org.elasticsearch.plugins.PluginsService] - loaded plugin [org.elasticsearch.percolator.PercolatorPlugin]
2017-05-27 10:41:23,384 [main] INFO  [org.elasticsearch.plugins.PluginsService] - loaded plugin [org.elasticsearch.script.mustache.MustachePlugin]
2017-05-27 10:41:23,384 [main] INFO  [org.elasticsearch.plugins.PluginsService] - loaded plugin [org.elasticsearch.transport.Netty3Plugin]
2017-05-27 10:41:23,384 [main] INFO  [org.elasticsearch.plugins.PluginsService] - loaded plugin [org.elasticsearch.transport.Netty4Plugin]
2017-05-27 10:42:44,936 [main] INFO  [org.elasticsearch.plugins.PluginsService] - no modules loaded
2017-05-27 10:42:44,944 [main] INFO  [org.elasticsearch.plugins.PluginsService] - loaded plugin [org.elasticsearch.index.reindex.ReindexPlugin]
2017-05-27 10:42:44,945 [main] INFO  [org.elasticsearch.plugins.PluginsService] - loaded plugin [org.elasticsearch.percolator.PercolatorPlugin]
2017-05-27 10:42:44,945 [main] INFO  [org.elasticsearch.plugins.PluginsService] - loaded plugin [org.elasticsearch.script.mustache.MustachePlugin]
2017-05-27 10:42:44,946 [main] INFO  [org.elasticsearch.plugins.PluginsService] - loaded plugin [org.elasticsearch.transport.Netty3Plugin]
2017-05-27 10:42:44,946 [main] INFO  [org.elasticsearch.plugins.PluginsService] - loaded plugin [org.elasticsearch.transport.Netty4Plugin]
2017-05-27 10:43:19,493 [main] INFO  [org.elasticsearch.plugins.PluginsService] - no modules loaded
2017-05-27 10:43:19,501 [main] INFO  [org.elasticsearch.plugins.PluginsService] - loaded plugin [org.elasticsearch.index.reindex.ReindexPlugin]
2017-05-27 10:43:19,501 [main] INFO  [org.elasticsearch.plugins.PluginsService] - loaded plugin [org.elasticsearch.percolator.PercolatorPlugin]
2017-05-27 10:43:19,501 [main] INFO  [org.elasticsearch.plugins.PluginsService] - loaded plugin [org.elasticsearch.script.mustache.MustachePlugin]
2017-05-27 10:43:19,502 [main] INFO  [org.elasticsearch.plugins.PluginsService] - loaded plugin [org.elasticsearch.transport.Netty3Plugin]
2017-05-27 10:43:19,502 [main] INFO  [org.elasticsearch.plugins.PluginsService] - loaded plugin [org.elasticsearch.transport.Netty4Plugin]
2017-05-27 10:49:23,749 [main] INFO  [org.elasticsearch.plugins.PluginsService] - no modules loaded
2017-05-27 10:49:23,755 [main] INFO  [org.elasticsearch.plugins.PluginsService] - loaded plugin [org.elasticsearch.index.reindex.ReindexPlugin]
2017-05-27 10:49:23,755 [main] INFO  [org.elasticsearch.plugins.PluginsService] - loaded plugin [org.elasticsearch.percolator.PercolatorPlugin]
2017-05-27 10:49:23,755 [main] INFO  [org.elasticsearch.plugins.PluginsService] - loaded plugin [org.elasticsearch.script.mustache.MustachePlugin]
2017-05-27 10:49:23,755 [main] INFO  [org.elasticsearch.plugins.PluginsService] - loaded plugin [org.elasticsearch.transport.Netty3Plugin]
2017-05-27 10:49:23,755 [main] INFO  [org.elasticsearch.plugins.PluginsService] - loaded plugin [org.elasticsearch.transport.Netty4Plugin]
2017-05-27 10:50:27,282 [main] INFO  [org.elasticsearch.plugins.PluginsService] - no modules loaded
2017-05-27 10:50:27,288 [main] INFO  [org.elasticsearch.plugins.PluginsService] - loaded plugin [org.elasticsearch.index.reindex.ReindexPlugin]
2017-05-27 10:50:27,288 [main] INFO  [org.elasticsearch.plugins.PluginsService] - loaded plugin [org.elasticsearch.percolator.PercolatorPlugin]
2017-05-27 10:50:27,288 [main] INFO  [org.elasticsearch.plugins.PluginsService] - loaded plugin [org.elasticsearch.script.mustache.MustachePlugin]
2017-05-27 10:50:27,289 [main] INFO  [org.elasticsearch.plugins.PluginsService] - loaded plugin [org.elasticsearch.transport.Netty3Plugin]
2017-05-27 10:50:27,289 [main] INFO  [org.elasticsearch.plugins.PluginsService] - loaded plugin [org.elasticsearch.transport.Netty4Plugin]
2017-05-27 10:50:58,787 [main] INFO  [org.elasticsearch.plugins.PluginsService] - no modules loaded
2017-05-27 10:50:58,794 [main] INFO  [org.elasticsearch.plugins.PluginsService] - loaded plugin [org.elasticsearch.index.reindex.ReindexPlugin]
2017-05-27 10:50:58,794 [main] INFO  [org.elasticsearch.plugins.PluginsService] - loaded plugin [org.elasticsearch.percolator.PercolatorPlugin]
2017-05-27 10:50:58,794 [main] INFO  [org.elasticsearch.plugins.PluginsService] - loaded plugin [org.elasticsearch.script.mustache.MustachePlugin]
2017-05-27 10:50:58,794 [main] INFO  [org.elasticsearch.plugins.PluginsService] - loaded plugin [org.elasticsearch.transport.Netty3Plugin]
2017-05-27 10:50:58,795 [main] INFO  [org.elasticsearch.plugins.PluginsService] - loaded plugin [org.elasticsearch.transport.Netty4Plugin]
2017-05-27 10:53:08,040 [main] INFO  [org.elasticsearch.plugins.PluginsService] - no modules loaded
2017-05-27 10:53:08,046 [main] INFO  [org.elasticsearch.plugins.PluginsService] - loaded plugin [org.elasticsearch.index.reindex.ReindexPlugin]
2017-05-27 10:53:08,046 [main] INFO  [org.elasticsearch.plugins.PluginsService] - loaded plugin [org.elasticsearch.percolator.PercolatorPlugin]
2017-05-27 10:53:08,047 [main] INFO  [org.elasticsearch.plugins.PluginsService] - loaded plugin [org.elasticsearch.script.mustache.MustachePlugin]
2017-05-27 10:53:08,047 [main] INFO  [org.elasticsearch.plugins.PluginsService] - loaded plugin [org.elasticsearch.transport.Netty3Plugin]
2017-05-27 10:53:08,047 [main] INFO  [org.elasticsearch.plugins.PluginsService] - loaded plugin [org.elasticsearch.transport.Netty4Plugin]
2017-05-27 10:53:57,352 [main] INFO  [org.elasticsearch.plugins.PluginsService] - no modules loaded
2017-05-27 10:53:57,360 [main] INFO  [org.elasticsearch.plugins.PluginsService] - loaded plugin [org.elasticsearch.index.reindex.ReindexPlugin]
2017-05-27 10:53:57,361 [main] INFO  [org.elasticsearch.plugins.PluginsService] - loaded plugin [org.elasticsearch.percolator.PercolatorPlugin]
2017-05-27 10:53:57,361 [main] INFO  [org.elasticsearch.plugins.PluginsService] - loaded plugin [org.elasticsearch.script.mustache.MustachePlugin]
2017-05-27 10:53:57,361 [main] INFO  [org.elasticsearch.plugins.PluginsService] - loaded plugin [org.elasticsearch.transport.Netty3Plugin]
2017-05-27 10:53:57,362 [main] INFO  [org.elasticsearch.plugins.PluginsService] - loaded plugin [org.elasticsearch.transport.Netty4Plugin]
2017-05-27 10:54:22,729 [main] INFO  [org.elasticsearch.plugins.PluginsService] - no modules loaded
2017-05-27 10:54:22,735 [main] INFO  [org.elasticsearch.plugins.PluginsService] - loaded plugin [org.elasticsearch.index.reindex.ReindexPlugin]
2017-05-27 10:54:22,735 [main] INFO  [org.elasticsearch.plugins.PluginsService] - loaded plugin [org.elasticsearch.percolator.PercolatorPlugin]
2017-05-27 10:54:22,735 [main] INFO  [org.elasticsearch.plugins.PluginsService] - loaded plugin [org.elasticsearch.script.mustache.MustachePlugin]
2017-05-27 10:54:22,736 [main] INFO  [org.elasticsearch.plugins.PluginsService] - loaded plugin [org.elasticsearch.transport.Netty3Plugin]
2017-05-27 10:54:22,736 [main] INFO  [org.elasticsearch.plugins.PluginsService] - loaded plugin [org.elasticsearch.transport.Netty4Plugin]
2017-05-27 10:55:55,549 [main] INFO  [org.elasticsearch.plugins.PluginsService] - no modules loaded
2017-05-27 10:55:55,555 [main] INFO  [org.elasticsearch.plugins.PluginsService] - loaded plugin [org.elasticsearch.index.reindex.ReindexPlugin]
2017-05-27 10:55:55,556 [main] INFO  [org.elasticsearch.plugins.PluginsService] - loaded plugin [org.elasticsearch.percolator.PercolatorPlugin]
2017-05-27 10:55:55,556 [main] INFO  [org.elasticsearch.plugins.PluginsService] - loaded plugin [org.elasticsearch.script.mustache.MustachePlugin]
2017-05-27 10:55:55,556 [main] INFO  [org.elasticsearch.plugins.PluginsService] - loaded plugin [org.elasticsearch.transport.Netty3Plugin]
2017-05-27 10:55:55,556 [main] INFO  [org.elasticsearch.plugins.PluginsService] - loaded plugin [org.elasticsearch.transport.Netty4Plugin]
2017-05-27 10:56:26,466 [main] INFO  [org.elasticsearch.plugins.PluginsService] - no modules loaded
2017-05-27 10:56:26,472 [main] INFO  [org.elasticsearch.plugins.PluginsService] - loaded plugin [org.elasticsearch.index.reindex.ReindexPlugin]
2017-05-27 10:56:26,472 [main] INFO  [org.elasticsearch.plugins.PluginsService] - loaded plugin [org.elasticsearch.percolator.PercolatorPlugin]
2017-05-27 10:56:26,472 [main] INFO  [org.elasticsearch.plugins.PluginsService] - loaded plugin [org.elasticsearch.script.mustache.MustachePlugin]
2017-05-27 10:56:26,473 [main] INFO  [org.elasticsearch.plugins.PluginsService] - loaded plugin [org.elasticsearch.transport.Netty3Plugin]
2017-05-27 10:56:26,473 [main] INFO  [org.elasticsearch.plugins.PluginsService] - loaded plugin [org.elasticsearch.transport.Netty4Plugin]
2017-05-27 10:58:17,776 [main] INFO  [org.elasticsearch.plugins.PluginsService] - no modules loaded
2017-05-27 10:58:17,785 [main] INFO  [org.elasticsearch.plugins.PluginsService] - loaded plugin [org.elasticsearch.index.reindex.ReindexPlugin]
2017-05-27 10:58:17,786 [main] INFO  [org.elasticsearch.plugins.PluginsService] - loaded plugin [org.elasticsearch.percolator.PercolatorPlugin]
2017-05-27 10:58:17,786 [main] INFO  [org.elasticsearch.plugins.PluginsService] - loaded plugin [org.elasticsearch.script.mustache.MustachePlugin]
2017-05-27 10:58:17,787 [main] INFO  [org.elasticsearch.plugins.PluginsService] - loaded plugin [org.elasticsearch.transport.Netty3Plugin]
2017-05-27 10:58:17,787 [main] INFO  [org.elasticsearch.plugins.PluginsService] - loaded plugin [org.elasticsearch.transport.Netty4Plugin]
2017-05-27 10:58:53,002 [main] INFO  [org.elasticsearch.plugins.PluginsService] - no modules loaded
2017-05-27 10:58:53,009 [main] INFO  [org.elasticsearch.plugins.PluginsService] - loaded plugin [org.elasticsearch.index.reindex.ReindexPlugin]
2017-05-27 10:58:53,009 [main] INFO  [org.elasticsearch.plugins.PluginsService] - loaded plugin [org.elasticsearch.percolator.PercolatorPlugin]
2017-05-27 10:58:53,010 [main] INFO  [org.elasticsearch.plugins.PluginsService] - loaded plugin [org.elasticsearch.script.mustache.MustachePlugin]
2017-05-27 10:58:53,010 [main] INFO  [org.elasticsearch.plugins.PluginsService] - loaded plugin [org.elasticsearch.transport.Netty3Plugin]
2017-05-27 10:58:53,010 [main] INFO  [org.elasticsearch.plugins.PluginsService] - loaded plugin [org.elasticsearch.transport.Netty4Plugin]
2017-05-27 10:59:26,158 [main] INFO  [org.elasticsearch.plugins.PluginsService] - no modules loaded
2017-05-27 10:59:26,163 [main] INFO  [org.elasticsearch.plugins.PluginsService] - loaded plugin [org.elasticsearch.index.reindex.ReindexPlugin]
2017-05-27 10:59:26,163 [main] INFO  [org.elasticsearch.plugins.PluginsService] - loaded plugin [org.elasticsearch.percolator.PercolatorPlugin]
2017-05-27 10:59:26,163 [main] INFO  [org.elasticsearch.plugins.PluginsService] - loaded plugin [org.elasticsearch.script.mustache.MustachePlugin]
2017-05-27 10:59:26,165 [main] INFO  [org.elasticsearch.plugins.PluginsService] - loaded plugin [org.elasticsearch.transport.Netty3Plugin]
2017-05-27 10:59:26,165 [main] INFO  [org.elasticsearch.plugins.PluginsService] - loaded plugin [org.elasticsearch.transport.Netty4Plugin]
2017-05-27 11:00:20,294 [main] INFO  [org.elasticsearch.plugins.PluginsService] - no modules loaded
2017-05-27 11:00:20,300 [main] INFO  [org.elasticsearch.plugins.PluginsService] - loaded plugin [org.elasticsearch.index.reindex.ReindexPlugin]
2017-05-27 11:00:20,301 [main] INFO  [org.elasticsearch.plugins.PluginsService] - loaded plugin [org.elasticsearch.percolator.PercolatorPlugin]
2017-05-27 11:00:20,301 [main] INFO  [org.elasticsearch.plugins.PluginsService] - loaded plugin [org.elasticsearch.script.mustache.MustachePlugin]
2017-05-27 11:00:20,301 [main] INFO  [org.elasticsearch.plugins.PluginsService] - loaded plugin [org.elasticsearch.transport.Netty3Plugin]
2017-05-27 11:00:20,301 [main] INFO  [org.elasticsearch.plugins.PluginsService] - loaded plugin [org.elasticsearch.transport.Netty4Plugin]
2017-05-27 11:00:44,328 [main] INFO  [org.elasticsearch.plugins.PluginsService] - no modules loaded
2017-05-27 11:00:44,351 [main] INFO  [org.elasticsearch.plugins.PluginsService] - loaded plugin [org.elasticsearch.index.reindex.ReindexPlugin]
2017-05-27 11:00:44,352 [main] INFO  [org.elasticsearch.plugins.PluginsService] - loaded plugin [org.elasticsearch.percolator.PercolatorPlugin]
2017-05-27 11:00:44,353 [main] INFO  [org.elasticsearch.plugins.PluginsService] - loaded plugin [org.elasticsearch.script.mustache.MustachePlugin]
2017-05-27 11:00:44,354 [main] INFO  [org.elasticsearch.plugins.PluginsService] - loaded plugin [org.elasticsearch.transport.Netty3Plugin]
2017-05-27 11:00:44,355 [main] INFO  [org.elasticsearch.plugins.PluginsService] - loaded plugin [org.elasticsearch.transport.Netty4Plugin]
2017-05-27 11:01:13,296 [main] INFO  [org.elasticsearch.plugins.PluginsService] - no modules loaded
2017-05-27 11:01:13,302 [main] INFO  [org.elasticsearch.plugins.PluginsService] - loaded plugin [org.elasticsearch.index.reindex.ReindexPlugin]
2017-05-27 11:01:13,303 [main] INFO  [org.elasticsearch.plugins.PluginsService] - loaded plugin [org.elasticsearch.percolator.PercolatorPlugin]
2017-05-27 11:01:13,303 [main] INFO  [org.elasticsearch.plugins.PluginsService] - loaded plugin [org.elasticsearch.script.mustache.MustachePlugin]
2017-05-27 11:01:13,303 [main] INFO  [org.elasticsearch.plugins.PluginsService] - loaded plugin [org.elasticsearch.transport.Netty3Plugin]
2017-05-27 11:01:13,303 [main] INFO  [org.elasticsearch.plugins.PluginsService] - loaded plugin [org.elasticsearch.transport.Netty4Plugin]
2017-05-27 11:01:31,950 [main] INFO  [org.elasticsearch.plugins.PluginsService] - no modules loaded
2017-05-27 11:01:31,956 [main] INFO  [org.elasticsearch.plugins.PluginsService] - loaded plugin [org.elasticsearch.index.reindex.ReindexPlugin]
2017-05-27 11:01:31,956 [main] INFO  [org.elasticsearch.plugins.PluginsService] - loaded plugin [org.elasticsearch.percolator.PercolatorPlugin]
2017-05-27 11:01:31,956 [main] INFO  [org.elasticsearch.plugins.PluginsService] - loaded plugin [org.elasticsearch.script.mustache.MustachePlugin]
2017-05-27 11:01:31,957 [main] INFO  [org.elasticsearch.plugins.PluginsService] - loaded plugin [org.elasticsearch.transport.Netty3Plugin]
2017-05-27 11:01:31,957 [main] INFO  [org.elasticsearch.plugins.PluginsService] - loaded plugin [org.elasticsearch.transport.Netty4Plugin]
2017-05-27 11:02:21,802 [main] INFO  [org.elasticsearch.plugins.PluginsService] - no modules loaded
2017-05-27 11:02:21,808 [main] INFO  [org.elasticsearch.plugins.PluginsService] - loaded plugin [org.elasticsearch.index.reindex.ReindexPlugin]
2017-05-27 11:02:21,808 [main] INFO  [org.elasticsearch.plugins.PluginsService] - loaded plugin [org.elasticsearch.percolator.PercolatorPlugin]
2017-05-27 11:02:21,809 [main] INFO  [org.elasticsearch.plugins.PluginsService] - loaded plugin [org.elasticsearch.script.mustache.MustachePlugin]
2017-05-27 11:02:21,809 [main] INFO  [org.elasticsearch.plugins.PluginsService] - loaded plugin [org.elasticsearch.transport.Netty3Plugin]
2017-05-27 11:02:21,810 [main] INFO  [org.elasticsearch.plugins.PluginsService] - loaded plugin [org.elasticsearch.transport.Netty4Plugin]
2017-05-27 11:02:35,090 [main] INFO  [org.elasticsearch.plugins.PluginsService] - no modules loaded
2017-05-27 11:02:35,096 [main] INFO  [org.elasticsearch.plugins.PluginsService] - loaded plugin [org.elasticsearch.index.reindex.ReindexPlugin]
2017-05-27 11:02:35,096 [main] INFO  [org.elasticsearch.plugins.PluginsService] - loaded plugin [org.elasticsearch.percolator.PercolatorPlugin]
2017-05-27 11:02:35,096 [main] INFO  [org.elasticsearch.plugins.PluginsService] - loaded plugin [org.elasticsearch.script.mustache.MustachePlugin]
2017-05-27 11:02:35,097 [main] INFO  [org.elasticsearch.plugins.PluginsService] - loaded plugin [org.elasticsearch.transport.Netty3Plugin]
2017-05-27 11:02:35,097 [main] INFO  [org.elasticsearch.plugins.PluginsService] - loaded plugin [org.elasticsearch.transport.Netty4Plugin]
2017-05-27 11:03:01,879 [main] INFO  [org.elasticsearch.plugins.PluginsService] - no modules loaded
2017-05-27 11:03:01,885 [main] INFO  [org.elasticsearch.plugins.PluginsService] - loaded plugin [org.elasticsearch.index.reindex.ReindexPlugin]
2017-05-27 11:03:01,885 [main] INFO  [org.elasticsearch.plugins.PluginsService] - loaded plugin [org.elasticsearch.percolator.PercolatorPlugin]
2017-05-27 11:03:01,885 [main] INFO  [org.elasticsearch.plugins.PluginsService] - loaded plugin [org.elasticsearch.script.mustache.MustachePlugin]
2017-05-27 11:03:01,885 [main] INFO  [org.elasticsearch.plugins.PluginsService] - loaded plugin [org.elasticsearch.transport.Netty3Plugin]
2017-05-27 11:03:01,886 [main] INFO  [org.elasticsearch.plugins.PluginsService] - loaded plugin [org.elasticsearch.transport.Netty4Plugin]
2017-05-27 11:03:32,224 [main] INFO  [org.elasticsearch.plugins.PluginsService] - no modules loaded
2017-05-27 11:03:32,230 [main] INFO  [org.elasticsearch.plugins.PluginsService] - loaded plugin [org.elasticsearch.index.reindex.ReindexPlugin]
2017-05-27 11:03:32,230 [main] INFO  [org.elasticsearch.plugins.PluginsService] - loaded plugin [org.elasticsearch.percolator.PercolatorPlugin]
2017-05-27 11:03:32,231 [main] INFO  [org.elasticsearch.plugins.PluginsService] - loaded plugin [org.elasticsearch.script.mustache.MustachePlugin]
2017-05-27 11:03:32,231 [main] INFO  [org.elasticsearch.plugins.PluginsService] - loaded plugin [org.elasticsearch.transport.Netty3Plugin]
2017-05-27 11:03:32,231 [main] INFO  [org.elasticsearch.plugins.PluginsService] - loaded plugin [org.elasticsearch.transport.Netty4Plugin]
2017-05-27 11:06:24,119 [main] INFO  [org.elasticsearch.plugins.PluginsService] - no modules loaded
2017-05-27 11:06:24,126 [main] INFO  [org.elasticsearch.plugins.PluginsService] - loaded plugin [org.elasticsearch.index.reindex.ReindexPlugin]
2017-05-27 11:06:24,127 [main] INFO  [org.elasticsearch.plugins.PluginsService] - loaded plugin [org.elasticsearch.percolator.PercolatorPlugin]
2017-05-27 11:06:24,127 [main] INFO  [org.elasticsearch.plugins.PluginsService] - loaded plugin [org.elasticsearch.script.mustache.MustachePlugin]
2017-05-27 11:06:24,127 [main] INFO  [org.elasticsearch.plugins.PluginsService] - loaded plugin [org.elasticsearch.transport.Netty3Plugin]
2017-05-27 11:06:24,127 [main] INFO  [org.elasticsearch.plugins.PluginsService] - loaded plugin [org.elasticsearch.transport.Netty4Plugin]
2017-05-27 11:07:45,518 [main] INFO  [org.elasticsearch.plugins.PluginsService] - no modules loaded
2017-05-27 11:07:45,525 [main] INFO  [org.elasticsearch.plugins.PluginsService] - loaded plugin [org.elasticsearch.index.reindex.ReindexPlugin]
2017-05-27 11:07:45,526 [main] INFO  [org.elasticsearch.plugins.PluginsService] - loaded plugin [org.elasticsearch.percolator.PercolatorPlugin]
2017-05-27 11:07:45,526 [main] INFO  [org.elasticsearch.plugins.PluginsService] - loaded plugin [org.elasticsearch.script.mustache.MustachePlugin]
2017-05-27 11:07:45,526 [main] INFO  [org.elasticsearch.plugins.PluginsService] - loaded plugin [org.elasticsearch.transport.Netty3Plugin]
2017-05-27 11:07:45,526 [main] INFO  [org.elasticsearch.plugins.PluginsService] - loaded plugin [org.elasticsearch.transport.Netty4Plugin]
2017-05-27 11:09:10,601 [main] INFO  [org.elasticsearch.plugins.PluginsService] - no modules loaded
2017-05-27 11:09:10,607 [main] INFO  [org.elasticsearch.plugins.PluginsService] - loaded plugin [org.elasticsearch.index.reindex.ReindexPlugin]
2017-05-27 11:09:10,607 [main] INFO  [org.elasticsearch.plugins.PluginsService] - loaded plugin [org.elasticsearch.percolator.PercolatorPlugin]
2017-05-27 11:09:10,608 [main] INFO  [org.elasticsearch.plugins.PluginsService] - loaded plugin [org.elasticsearch.script.mustache.MustachePlugin]
2017-05-27 11:09:10,608 [main] INFO  [org.elasticsearch.plugins.PluginsService] - loaded plugin [org.elasticsearch.transport.Netty3Plugin]
2017-05-27 11:09:10,608 [main] INFO  [org.elasticsearch.plugins.PluginsService] - loaded plugin [org.elasticsearch.transport.Netty4Plugin]
2017-05-27 11:09:38,404 [main] INFO  [org.elasticsearch.plugins.PluginsService] - no modules loaded
2017-05-27 11:09:38,414 [main] INFO  [org.elasticsearch.plugins.PluginsService] - loaded plugin [org.elasticsearch.index.reindex.ReindexPlugin]
2017-05-27 11:09:38,414 [main] INFO  [org.elasticsearch.plugins.PluginsService] - loaded plugin [org.elasticsearch.percolator.PercolatorPlugin]
2017-05-27 11:09:38,415 [main] INFO  [org.elasticsearch.plugins.PluginsService] - loaded plugin [org.elasticsearch.script.mustache.MustachePlugin]
2017-05-27 11:09:38,415 [main] INFO  [org.elasticsearch.plugins.PluginsService] - loaded plugin [org.elasticsearch.transport.Netty3Plugin]
2017-05-27 11:09:38,416 [main] INFO  [org.elasticsearch.plugins.PluginsService] - loaded plugin [org.elasticsearch.transport.Netty4Plugin]
2017-05-27 11:10:19,045 [main] INFO  [org.elasticsearch.plugins.PluginsService] - no modules loaded
2017-05-27 11:10:19,051 [main] INFO  [org.elasticsearch.plugins.PluginsService] - loaded plugin [org.elasticsearch.index.reindex.ReindexPlugin]
2017-05-27 11:10:19,051 [main] INFO  [org.elasticsearch.plugins.PluginsService] - loaded plugin [org.elasticsearch.percolator.PercolatorPlugin]
2017-05-27 11:10:19,051 [main] INFO  [org.elasticsearch.plugins.PluginsService] - loaded plugin [org.elasticsearch.script.mustache.MustachePlugin]
2017-05-27 11:10:19,051 [main] INFO  [org.elasticsearch.plugins.PluginsService] - loaded plugin [org.elasticsearch.transport.Netty3Plugin]
2017-05-27 11:10:19,052 [main] INFO  [org.elasticsearch.plugins.PluginsService] - loaded plugin [org.elasticsearch.transport.Netty4Plugin]
2017-05-27 11:10:28,178 [main] INFO  [org.elasticsearch.plugins.PluginsService] - no modules loaded
2017-05-27 11:10:28,184 [main] INFO  [org.elasticsearch.plugins.PluginsService] - loaded plugin [org.elasticsearch.index.reindex.ReindexPlugin]
2017-05-27 11:10:28,184 [main] INFO  [org.elasticsearch.plugins.PluginsService] - loaded plugin [org.elasticsearch.percolator.PercolatorPlugin]
2017-05-27 11:10:28,184 [main] INFO  [org.elasticsearch.plugins.PluginsService] - loaded plugin [org.elasticsearch.script.mustache.MustachePlugin]
2017-05-27 11:10:28,185 [main] INFO  [org.elasticsearch.plugins.PluginsService] - loaded plugin [org.elasticsearch.transport.Netty3Plugin]
2017-05-27 11:10:28,185 [main] INFO  [org.elasticsearch.plugins.PluginsService] - loaded plugin [org.elasticsearch.transport.Netty4Plugin]
2017-05-27 11:10:49,947 [main] INFO  [org.elasticsearch.plugins.PluginsService] - no modules loaded
2017-05-27 11:10:49,953 [main] INFO  [org.elasticsearch.plugins.PluginsService] - loaded plugin [org.elasticsearch.index.reindex.ReindexPlugin]
2017-05-27 11:10:49,954 [main] INFO  [org.elasticsearch.plugins.PluginsService] - loaded plugin [org.elasticsearch.percolator.PercolatorPlugin]
2017-05-27 11:10:49,954 [main] INFO  [org.elasticsearch.plugins.PluginsService] - loaded plugin [org.elasticsearch.script.mustache.MustachePlugin]
2017-05-27 11:10:49,954 [main] INFO  [org.elasticsearch.plugins.PluginsService] - loaded plugin [org.elasticsearch.transport.Netty3Plugin]
2017-05-27 11:10:49,954 [main] INFO  [org.elasticsearch.plugins.PluginsService] - loaded plugin [org.elasticsearch.transport.Netty4Plugin]
2017-05-27 11:12:06,327 [main] INFO  [org.elasticsearch.plugins.PluginsService] - no modules loaded
2017-05-27 11:12:06,333 [main] INFO  [org.elasticsearch.plugins.PluginsService] - loaded plugin [org.elasticsearch.index.reindex.ReindexPlugin]
2017-05-27 11:12:06,333 [main] INFO  [org.elasticsearch.plugins.PluginsService] - loaded plugin [org.elasticsearch.percolator.PercolatorPlugin]
2017-05-27 11:12:06,334 [main] INFO  [org.elasticsearch.plugins.PluginsService] - loaded plugin [org.elasticsearch.script.mustache.MustachePlugin]
2017-05-27 11:12:06,334 [main] INFO  [org.elasticsearch.plugins.PluginsService] - loaded plugin [org.elasticsearch.transport.Netty3Plugin]
2017-05-27 11:12:06,334 [main] INFO  [org.elasticsearch.plugins.PluginsService] - loaded plugin [org.elasticsearch.transport.Netty4Plugin]
2017-05-27 11:12:34,135 [main] INFO  [org.elasticsearch.plugins.PluginsService] - no modules loaded
2017-05-27 11:12:34,141 [main] INFO  [org.elasticsearch.plugins.PluginsService] - loaded plugin [org.elasticsearch.index.reindex.ReindexPlugin]
2017-05-27 11:12:34,141 [main] INFO  [org.elasticsearch.plugins.PluginsService] - loaded plugin [org.elasticsearch.percolator.PercolatorPlugin]
2017-05-27 11:12:34,141 [main] INFO  [org.elasticsearch.plugins.PluginsService] - loaded plugin [org.elasticsearch.script.mustache.MustachePlugin]
2017-05-27 11:12:34,141 [main] INFO  [org.elasticsearch.plugins.PluginsService] - loaded plugin [org.elasticsearch.transport.Netty3Plugin]
2017-05-27 11:12:34,141 [main] INFO  [org.elasticsearch.plugins.PluginsService] - loaded plugin [org.elasticsearch.transport.Netty4Plugin]
2017-05-27 11:12:57,298 [main] INFO  [org.elasticsearch.plugins.PluginsService] - no modules loaded
2017-05-27 11:12:57,304 [main] INFO  [org.elasticsearch.plugins.PluginsService] - loaded plugin [org.elasticsearch.index.reindex.ReindexPlugin]
2017-05-27 11:12:57,304 [main] INFO  [org.elasticsearch.plugins.PluginsService] - loaded plugin [org.elasticsearch.percolator.PercolatorPlugin]
2017-05-27 11:12:57,304 [main] INFO  [org.elasticsearch.plugins.PluginsService] - loaded plugin [org.elasticsearch.script.mustache.MustachePlugin]
2017-05-27 11:12:57,305 [main] INFO  [org.elasticsearch.plugins.PluginsService] - loaded plugin [org.elasticsearch.transport.Netty3Plugin]
2017-05-27 11:12:57,306 [main] INFO  [org.elasticsearch.plugins.PluginsService] - loaded plugin [org.elasticsearch.transport.Netty4Plugin]
2017-05-27 11:14:49,034 [main] INFO  [org.elasticsearch.plugins.PluginsService] - no modules loaded
2017-05-27 11:14:49,042 [main] INFO  [org.elasticsearch.plugins.PluginsService] - loaded plugin [org.elasticsearch.index.reindex.ReindexPlugin]
2017-05-27 11:14:49,043 [main] INFO  [org.elasticsearch.plugins.PluginsService] - loaded plugin [org.elasticsearch.percolator.PercolatorPlugin]
2017-05-27 11:14:49,043 [main] INFO  [org.elasticsearch.plugins.PluginsService] - loaded plugin [org.elasticsearch.script.mustache.MustachePlugin]
2017-05-27 11:14:49,043 [main] INFO  [org.elasticsearch.plugins.PluginsService] - loaded plugin [org.elasticsearch.transport.Netty3Plugin]
2017-05-27 11:14:49,044 [main] INFO  [org.elasticsearch.plugins.PluginsService] - loaded plugin [org.elasticsearch.transport.Netty4Plugin]
2017-05-27 11:15:55,817 [main] INFO  [org.elasticsearch.plugins.PluginsService] - no modules loaded
2017-05-27 11:15:55,823 [main] INFO  [org.elasticsearch.plugins.PluginsService] - loaded plugin [org.elasticsearch.index.reindex.ReindexPlugin]
2017-05-27 11:15:55,824 [main] INFO  [org.elasticsearch.plugins.PluginsService] - loaded plugin [org.elasticsearch.percolator.PercolatorPlugin]
2017-05-27 11:15:55,824 [main] INFO  [org.elasticsearch.plugins.PluginsService] - loaded plugin [org.elasticsearch.script.mustache.MustachePlugin]
2017-05-27 11:15:55,824 [main] INFO  [org.elasticsearch.plugins.PluginsService] - loaded plugin [org.elasticsearch.transport.Netty3Plugin]
2017-05-27 11:15:55,824 [main] INFO  [org.elasticsearch.plugins.PluginsService] - loaded plugin [org.elasticsearch.transport.Netty4Plugin]
2017-05-27 11:16:14,971 [main] INFO  [org.elasticsearch.plugins.PluginsService] - no modules loaded
2017-05-27 11:16:14,978 [main] INFO  [org.elasticsearch.plugins.PluginsService] - loaded plugin [org.elasticsearch.index.reindex.ReindexPlugin]
2017-05-27 11:16:14,978 [main] INFO  [org.elasticsearch.plugins.PluginsService] - loaded plugin [org.elasticsearch.percolator.PercolatorPlugin]
2017-05-27 11:16:14,978 [main] INFO  [org.elasticsearch.plugins.PluginsService] - loaded plugin [org.elasticsearch.script.mustache.MustachePlugin]
2017-05-27 11:16:14,978 [main] INFO  [org.elasticsearch.plugins.PluginsService] - loaded plugin [org.elasticsearch.transport.Netty3Plugin]
2017-05-27 11:16:14,979 [main] INFO  [org.elasticsearch.plugins.PluginsService] - loaded plugin [org.elasticsearch.transport.Netty4Plugin]
2017-05-27 11:16:33,498 [main] INFO  [org.elasticsearch.plugins.PluginsService] - no modules loaded
2017-05-27 11:16:33,504 [main] INFO  [org.elasticsearch.plugins.PluginsService] - loaded plugin [org.elasticsearch.index.reindex.ReindexPlugin]
2017-05-27 11:16:33,505 [main] INFO  [org.elasticsearch.plugins.PluginsService] - loaded plugin [org.elasticsearch.percolator.PercolatorPlugin]
2017-05-27 11:16:33,505 [main] INFO  [org.elasticsearch.plugins.PluginsService] - loaded plugin [org.elasticsearch.script.mustache.MustachePlugin]
2017-05-27 11:16:33,506 [main] INFO  [org.elasticsearch.plugins.PluginsService] - loaded plugin [org.elasticsearch.transport.Netty3Plugin]
2017-05-27 11:16:33,506 [main] INFO  [org.elasticsearch.plugins.PluginsService] - loaded plugin [org.elasticsearch.transport.Netty4Plugin]
2017-05-27 11:17:05,991 [main] INFO  [org.elasticsearch.plugins.PluginsService] - no modules loaded
2017-05-27 11:17:05,997 [main] INFO  [org.elasticsearch.plugins.PluginsService] - loaded plugin [org.elasticsearch.index.reindex.ReindexPlugin]
2017-05-27 11:17:05,997 [main] INFO  [org.elasticsearch.plugins.PluginsService] - loaded plugin [org.elasticsearch.percolator.PercolatorPlugin]
2017-05-27 11:17:05,997 [main] INFO  [org.elasticsearch.plugins.PluginsService] - loaded plugin [org.elasticsearch.script.mustache.MustachePlugin]
2017-05-27 11:17:05,998 [main] INFO  [org.elasticsearch.plugins.PluginsService] - loaded plugin [org.elasticsearch.transport.Netty3Plugin]
2017-05-27 11:17:05,998 [main] INFO  [org.elasticsearch.plugins.PluginsService] - loaded plugin [org.elasticsearch.transport.Netty4Plugin]
2017-05-27 11:17:47,127 [main] INFO  [org.elasticsearch.plugins.PluginsService] - no modules loaded
2017-05-27 11:17:47,133 [main] INFO  [org.elasticsearch.plugins.PluginsService] - loaded plugin [org.elasticsearch.index.reindex.ReindexPlugin]
2017-05-27 11:17:47,133 [main] INFO  [org.elasticsearch.plugins.PluginsService] - loaded plugin [org.elasticsearch.percolator.PercolatorPlugin]
2017-05-27 11:17:47,134 [main] INFO  [org.elasticsearch.plugins.PluginsService] - loaded plugin [org.elasticsearch.script.mustache.MustachePlugin]
2017-05-27 11:17:47,134 [main] INFO  [org.elasticsearch.plugins.PluginsService] - loaded plugin [org.elasticsearch.transport.Netty3Plugin]
2017-05-27 11:17:47,134 [main] INFO  [org.elasticsearch.plugins.PluginsService] - loaded plugin [org.elasticsearch.transport.Netty4Plugin]
2017-05-27 11:18:08,418 [main] INFO  [org.elasticsearch.plugins.PluginsService] - no modules loaded
2017-05-27 11:18:08,423 [main] INFO  [org.elasticsearch.plugins.PluginsService] - loaded plugin [org.elasticsearch.index.reindex.ReindexPlugin]
2017-05-27 11:18:08,423 [main] INFO  [org.elasticsearch.plugins.PluginsService] - loaded plugin [org.elasticsearch.percolator.PercolatorPlugin]
2017-05-27 11:18:08,424 [main] INFO  [org.elasticsearch.plugins.PluginsService] - loaded plugin [org.elasticsearch.script.mustache.MustachePlugin]
2017-05-27 11:18:08,424 [main] INFO  [org.elasticsearch.plugins.PluginsService] - loaded plugin [org.elasticsearch.transport.Netty3Plugin]
2017-05-27 11:18:08,424 [main] INFO  [org.elasticsearch.plugins.PluginsService] - loaded plugin [org.elasticsearch.transport.Netty4Plugin]
2017-05-27 11:18:28,176 [main] INFO  [org.elasticsearch.plugins.PluginsService] - no modules loaded
2017-05-27 11:18:28,184 [main] INFO  [org.elasticsearch.plugins.PluginsService] - loaded plugin [org.elasticsearch.index.reindex.ReindexPlugin]
2017-05-27 11:18:28,184 [main] INFO  [org.elasticsearch.plugins.PluginsService] - loaded plugin [org.elasticsearch.percolator.PercolatorPlugin]
2017-05-27 11:18:28,184 [main] INFO  [org.elasticsearch.plugins.PluginsService] - loaded plugin [org.elasticsearch.script.mustache.MustachePlugin]
2017-05-27 11:18:28,184 [main] INFO  [org.elasticsearch.plugins.PluginsService] - loaded plugin [org.elasticsearch.transport.Netty3Plugin]
2017-05-27 11:18:28,185 [main] INFO  [org.elasticsearch.plugins.PluginsService] - loaded plugin [org.elasticsearch.transport.Netty4Plugin]
2017-05-27 11:18:45,304 [main] INFO  [org.elasticsearch.plugins.PluginsService] - no modules loaded
2017-05-27 11:18:45,310 [main] INFO  [org.elasticsearch.plugins.PluginsService] - loaded plugin [org.elasticsearch.index.reindex.ReindexPlugin]
2017-05-27 11:18:45,310 [main] INFO  [org.elasticsearch.plugins.PluginsService] - loaded plugin [org.elasticsearch.percolator.PercolatorPlugin]
2017-05-27 11:18:45,310 [main] INFO  [org.elasticsearch.plugins.PluginsService] - loaded plugin [org.elasticsearch.script.mustache.MustachePlugin]
2017-05-27 11:18:45,310 [main] INFO  [org.elasticsearch.plugins.PluginsService] - loaded plugin [org.elasticsearch.transport.Netty3Plugin]
2017-05-27 11:18:45,311 [main] INFO  [org.elasticsearch.plugins.PluginsService] - loaded plugin [org.elasticsearch.transport.Netty4Plugin]
2017-05-27 11:19:04,091 [main] INFO  [org.elasticsearch.plugins.PluginsService] - no modules loaded
2017-05-27 11:19:04,097 [main] INFO  [org.elasticsearch.plugins.PluginsService] - loaded plugin [org.elasticsearch.index.reindex.ReindexPlugin]
2017-05-27 11:19:04,097 [main] INFO  [org.elasticsearch.plugins.PluginsService] - loaded plugin [org.elasticsearch.percolator.PercolatorPlugin]
2017-05-27 11:19:04,097 [main] INFO  [org.elasticsearch.plugins.PluginsService] - loaded plugin [org.elasticsearch.script.mustache.MustachePlugin]
2017-05-27 11:19:04,097 [main] INFO  [org.elasticsearch.plugins.PluginsService] - loaded plugin [org.elasticsearch.transport.Netty3Plugin]
2017-05-27 11:19:04,098 [main] INFO  [org.elasticsearch.plugins.PluginsService] - loaded plugin [org.elasticsearch.transport.Netty4Plugin]
2017-05-27 11:19:22,780 [main] INFO  [org.elasticsearch.plugins.PluginsService] - no modules loaded
2017-05-27 11:19:22,787 [main] INFO  [org.elasticsearch.plugins.PluginsService] - loaded plugin [org.elasticsearch.index.reindex.ReindexPlugin]
2017-05-27 11:19:22,787 [main] INFO  [org.elasticsearch.plugins.PluginsService] - loaded plugin [org.elasticsearch.percolator.PercolatorPlugin]
2017-05-27 11:19:22,787 [main] INFO  [org.elasticsearch.plugins.PluginsService] - loaded plugin [org.elasticsearch.script.mustache.MustachePlugin]
2017-05-27 11:19:22,788 [main] INFO  [org.elasticsearch.plugins.PluginsService] - loaded plugin [org.elasticsearch.transport.Netty3Plugin]
2017-05-27 11:19:22,788 [main] INFO  [org.elasticsearch.plugins.PluginsService] - loaded plugin [org.elasticsearch.transport.Netty4Plugin]
2017-05-27 11:19:39,677 [main] INFO  [org.elasticsearch.plugins.PluginsService] - no modules loaded
2017-05-27 11:19:39,684 [main] INFO  [org.elasticsearch.plugins.PluginsService] - loaded plugin [org.elasticsearch.index.reindex.ReindexPlugin]
2017-05-27 11:19:39,685 [main] INFO  [org.elasticsearch.plugins.PluginsService] - loaded plugin [org.elasticsearch.percolator.PercolatorPlugin]
2017-05-27 11:19:39,685 [main] INFO  [org.elasticsearch.plugins.PluginsService] - loaded plugin [org.elasticsearch.script.mustache.MustachePlugin]
2017-05-27 11:19:39,686 [main] INFO  [org.elasticsearch.plugins.PluginsService] - loaded plugin [org.elasticsearch.transport.Netty3Plugin]
2017-05-27 11:19:39,686 [main] INFO  [org.elasticsearch.plugins.PluginsService] - loaded plugin [org.elasticsearch.transport.Netty4Plugin]
2017-05-27 11:19:57,965 [main] INFO  [org.elasticsearch.plugins.PluginsService] - no modules loaded
2017-05-27 11:19:57,970 [main] INFO  [org.elasticsearch.plugins.PluginsService] - loaded plugin [org.elasticsearch.index.reindex.ReindexPlugin]
2017-05-27 11:19:57,971 [main] INFO  [org.elasticsearch.plugins.PluginsService] - loaded plugin [org.elasticsearch.percolator.PercolatorPlugin]
2017-05-27 11:19:57,971 [main] INFO  [org.elasticsearch.plugins.PluginsService] - loaded plugin [org.elasticsearch.script.mustache.MustachePlugin]
2017-05-27 11:19:57,971 [main] INFO  [org.elasticsearch.plugins.PluginsService] - loaded plugin [org.elasticsearch.transport.Netty3Plugin]
2017-05-27 11:19:57,971 [main] INFO  [org.elasticsearch.plugins.PluginsService] - loaded plugin [org.elasticsearch.transport.Netty4Plugin]
2017-05-27 11:20:28,570 [main] INFO  [org.elasticsearch.plugins.PluginsService] - no modules loaded
2017-05-27 11:20:28,576 [main] INFO  [org.elasticsearch.plugins.PluginsService] - loaded plugin [org.elasticsearch.index.reindex.ReindexPlugin]
2017-05-27 11:20:28,576 [main] INFO  [org.elasticsearch.plugins.PluginsService] - loaded plugin [org.elasticsearch.percolator.PercolatorPlugin]
2017-05-27 11:20:28,576 [main] INFO  [org.elasticsearch.plugins.PluginsService] - loaded plugin [org.elasticsearch.script.mustache.MustachePlugin]
2017-05-27 11:20:28,576 [main] INFO  [org.elasticsearch.plugins.PluginsService] - loaded plugin [org.elasticsearch.transport.Netty3Plugin]
2017-05-27 11:20:28,577 [main] INFO  [org.elasticsearch.plugins.PluginsService] - loaded plugin [org.elasticsearch.transport.Netty4Plugin]
2017-05-27 11:22:30,570 [main] INFO  [org.elasticsearch.plugins.PluginsService] - no modules loaded
2017-05-27 11:22:30,577 [main] INFO  [org.elasticsearch.plugins.PluginsService] - loaded plugin [org.elasticsearch.index.reindex.ReindexPlugin]
2017-05-27 11:22:30,578 [main] INFO  [org.elasticsearch.plugins.PluginsService] - loaded plugin [org.elasticsearch.percolator.PercolatorPlugin]
2017-05-27 11:22:30,578 [main] INFO  [org.elasticsearch.plugins.PluginsService] - loaded plugin [org.elasticsearch.script.mustache.MustachePlugin]
2017-05-27 11:22:30,578 [main] INFO  [org.elasticsearch.plugins.PluginsService] - loaded plugin [org.elasticsearch.transport.Netty3Plugin]
2017-05-27 11:22:30,578 [main] INFO  [org.elasticsearch.plugins.PluginsService] - loaded plugin [org.elasticsearch.transport.Netty4Plugin]
2017-05-27 11:22:48,001 [main] INFO  [org.elasticsearch.plugins.PluginsService] - no modules loaded
2017-05-27 11:22:48,008 [main] INFO  [org.elasticsearch.plugins.PluginsService] - loaded plugin [org.elasticsearch.index.reindex.ReindexPlugin]
2017-05-27 11:22:48,008 [main] INFO  [org.elasticsearch.plugins.PluginsService] - loaded plugin [org.elasticsearch.percolator.PercolatorPlugin]
2017-05-27 11:22:48,009 [main] INFO  [org.elasticsearch.plugins.PluginsService] - loaded plugin [org.elasticsearch.script.mustache.MustachePlugin]
2017-05-27 11:22:48,010 [main] INFO  [org.elasticsearch.plugins.PluginsService] - loaded plugin [org.elasticsearch.transport.Netty3Plugin]
2017-05-27 11:22:48,010 [main] INFO  [org.elasticsearch.plugins.PluginsService] - loaded plugin [org.elasticsearch.transport.Netty4Plugin]
2017-05-27 11:23:41,203 [main] INFO  [org.elasticsearch.plugins.PluginsService] - no modules loaded
2017-05-27 11:23:41,210 [main] INFO  [org.elasticsearch.plugins.PluginsService] - loaded plugin [org.elasticsearch.index.reindex.ReindexPlugin]
2017-05-27 11:23:41,210 [main] INFO  [org.elasticsearch.plugins.PluginsService] - loaded plugin [org.elasticsearch.percolator.PercolatorPlugin]
2017-05-27 11:23:41,210 [main] INFO  [org.elasticsearch.plugins.PluginsService] - loaded plugin [org.elasticsearch.script.mustache.MustachePlugin]
2017-05-27 11:23:41,211 [main] INFO  [org.elasticsearch.plugins.PluginsService] - loaded plugin [org.elasticsearch.transport.Netty3Plugin]
2017-05-27 11:23:41,211 [main] INFO  [org.elasticsearch.plugins.PluginsService] - loaded plugin [org.elasticsearch.transport.Netty4Plugin]
2017-05-27 11:23:55,722 [main] INFO  [org.elasticsearch.plugins.PluginsService] - no modules loaded
2017-05-27 11:23:55,730 [main] INFO  [org.elasticsearch.plugins.PluginsService] - loaded plugin [org.elasticsearch.index.reindex.ReindexPlugin]
2017-05-27 11:23:55,730 [main] INFO  [org.elasticsearch.plugins.PluginsService] - loaded plugin [org.elasticsearch.percolator.PercolatorPlugin]
2017-05-27 11:23:55,730 [main] INFO  [org.elasticsearch.plugins.PluginsService] - loaded plugin [org.elasticsearch.script.mustache.MustachePlugin]
2017-05-27 11:23:55,731 [main] INFO  [org.elasticsearch.plugins.PluginsService] - loaded plugin [org.elasticsearch.transport.Netty3Plugin]
2017-05-27 11:23:55,731 [main] INFO  [org.elasticsearch.plugins.PluginsService] - loaded plugin [org.elasticsearch.transport.Netty4Plugin]
2017-05-27 11:25:05,654 [main] INFO  [org.elasticsearch.plugins.PluginsService] - no modules loaded
2017-05-27 11:25:05,660 [main] INFO  [org.elasticsearch.plugins.PluginsService] - loaded plugin [org.elasticsearch.index.reindex.ReindexPlugin]
2017-05-27 11:25:05,660 [main] INFO  [org.elasticsearch.plugins.PluginsService] - loaded plugin [org.elasticsearch.percolator.PercolatorPlugin]
2017-05-27 11:25:05,660 [main] INFO  [org.elasticsearch.plugins.PluginsService] - loaded plugin [org.elasticsearch.script.mustache.MustachePlugin]
2017-05-27 11:25:05,660 [main] INFO  [org.elasticsearch.plugins.PluginsService] - loaded plugin [org.elasticsearch.transport.Netty3Plugin]
2017-05-27 11:25:05,661 [main] INFO  [org.elasticsearch.plugins.PluginsService] - loaded plugin [org.elasticsearch.transport.Netty4Plugin]
2017-05-27 11:25:28,939 [main] INFO  [org.elasticsearch.plugins.PluginsService] - no modules loaded
2017-05-27 11:25:28,947 [main] INFO  [org.elasticsearch.plugins.PluginsService] - loaded plugin [org.elasticsearch.index.reindex.ReindexPlugin]
2017-05-27 11:25:28,947 [main] INFO  [org.elasticsearch.plugins.PluginsService] - loaded plugin [org.elasticsearch.percolator.PercolatorPlugin]
2017-05-27 11:25:28,948 [main] INFO  [org.elasticsearch.plugins.PluginsService] - loaded plugin [org.elasticsearch.script.mustache.MustachePlugin]
2017-05-27 11:25:28,948 [main] INFO  [org.elasticsearch.plugins.PluginsService] - loaded plugin [org.elasticsearch.transport.Netty3Plugin]
2017-05-27 11:25:28,948 [main] INFO  [org.elasticsearch.plugins.PluginsService] - loaded plugin [org.elasticsearch.transport.Netty4Plugin]
2017-05-27 11:25:47,662 [main] INFO  [org.elasticsearch.plugins.PluginsService] - no modules loaded
2017-05-27 11:25:47,670 [main] INFO  [org.elasticsearch.plugins.PluginsService] - loaded plugin [org.elasticsearch.index.reindex.ReindexPlugin]
2017-05-27 11:25:47,670 [main] INFO  [org.elasticsearch.plugins.PluginsService] - loaded plugin [org.elasticsearch.percolator.PercolatorPlugin]
2017-05-27 11:25:47,671 [main] INFO  [org.elasticsearch.plugins.PluginsService] - loaded plugin [org.elasticsearch.script.mustache.MustachePlugin]
2017-05-27 11:25:47,671 [main] INFO  [org.elasticsearch.plugins.PluginsService] - loaded plugin [org.elasticsearch.transport.Netty3Plugin]
2017-05-27 11:25:47,671 [main] INFO  [org.elasticsearch.plugins.PluginsService] - loaded plugin [org.elasticsearch.transport.Netty4Plugin]
2017-05-27 11:26:04,244 [main] INFO  [org.elasticsearch.plugins.PluginsService] - no modules loaded
2017-05-27 11:26:04,249 [main] INFO  [org.elasticsearch.plugins.PluginsService] - loaded plugin [org.elasticsearch.index.reindex.ReindexPlugin]
2017-05-27 11:26:04,249 [main] INFO  [org.elasticsearch.plugins.PluginsService] - loaded plugin [org.elasticsearch.percolator.PercolatorPlugin]
2017-05-27 11:26:04,249 [main] INFO  [org.elasticsearch.plugins.PluginsService] - loaded plugin [org.elasticsearch.script.mustache.MustachePlugin]
2017-05-27 11:26:04,249 [main] INFO  [org.elasticsearch.plugins.PluginsService] - loaded plugin [org.elasticsearch.transport.Netty3Plugin]
2017-05-27 11:26:04,250 [main] INFO  [org.elasticsearch.plugins.PluginsService] - loaded plugin [org.elasticsearch.transport.Netty4Plugin]
2017-05-27 11:27:12,264 [main] INFO  [org.elasticsearch.plugins.PluginsService] - no modules loaded
2017-05-27 11:27:12,273 [main] INFO  [org.elasticsearch.plugins.PluginsService] - loaded plugin [org.elasticsearch.index.reindex.ReindexPlugin]
2017-05-27 11:27:12,273 [main] INFO  [org.elasticsearch.plugins.PluginsService] - loaded plugin [org.elasticsearch.percolator.PercolatorPlugin]
2017-05-27 11:27:12,273 [main] INFO  [org.elasticsearch.plugins.PluginsService] - loaded plugin [org.elasticsearch.script.mustache.MustachePlugin]
2017-05-27 11:27:12,273 [main] INFO  [org.elasticsearch.plugins.PluginsService] - loaded plugin [org.elasticsearch.transport.Netty3Plugin]
2017-05-27 11:27:12,274 [main] INFO  [org.elasticsearch.plugins.PluginsService] - loaded plugin [org.elasticsearch.transport.Netty4Plugin]
2017-05-27 11:28:01,296 [main] INFO  [org.elasticsearch.plugins.PluginsService] - no modules loaded
2017-05-27 11:28:01,307 [main] INFO  [org.elasticsearch.plugins.PluginsService] - loaded plugin [org.elasticsearch.index.reindex.ReindexPlugin]
2017-05-27 11:28:01,307 [main] INFO  [org.elasticsearch.plugins.PluginsService] - loaded plugin [org.elasticsearch.percolator.PercolatorPlugin]
2017-05-27 11:28:01,308 [main] INFO  [org.elasticsearch.plugins.PluginsService] - loaded plugin [org.elasticsearch.script.mustache.MustachePlugin]
2017-05-27 11:28:01,308 [main] INFO  [org.elasticsearch.plugins.PluginsService] - loaded plugin [org.elasticsearch.transport.Netty3Plugin]
2017-05-27 11:28:01,308 [main] INFO  [org.elasticsearch.plugins.PluginsService] - loaded plugin [org.elasticsearch.transport.Netty4Plugin]
2017-05-27 11:55:42,997 [main] INFO  [org.elasticsearch.plugins.PluginsService] - no modules loaded
2017-05-27 11:55:43,005 [main] INFO  [org.elasticsearch.plugins.PluginsService] - loaded plugin [org.elasticsearch.index.reindex.ReindexPlugin]
2017-05-27 11:55:43,006 [main] INFO  [org.elasticsearch.plugins.PluginsService] - loaded plugin [org.elasticsearch.percolator.PercolatorPlugin]
2017-05-27 11:55:43,006 [main] INFO  [org.elasticsearch.plugins.PluginsService] - loaded plugin [org.elasticsearch.script.mustache.MustachePlugin]
2017-05-27 11:55:43,006 [main] INFO  [org.elasticsearch.plugins.PluginsService] - loaded plugin [org.elasticsearch.transport.Netty3Plugin]
2017-05-27 11:55:43,007 [main] INFO  [org.elasticsearch.plugins.PluginsService] - loaded plugin [org.elasticsearch.transport.Netty4Plugin]
2017-05-27 11:55:56,428 [main] INFO  [org.elasticsearch.plugins.PluginsService] - no modules loaded
2017-05-27 11:55:56,434 [main] INFO  [org.elasticsearch.plugins.PluginsService] - loaded plugin [org.elasticsearch.index.reindex.ReindexPlugin]
2017-05-27 11:55:56,435 [main] INFO  [org.elasticsearch.plugins.PluginsService] - loaded plugin [org.elasticsearch.percolator.PercolatorPlugin]
2017-05-27 11:55:56,435 [main] INFO  [org.elasticsearch.plugins.PluginsService] - loaded plugin [org.elasticsearch.script.mustache.MustachePlugin]
2017-05-27 11:55:56,435 [main] INFO  [org.elasticsearch.plugins.PluginsService] - loaded plugin [org.elasticsearch.transport.Netty3Plugin]
2017-05-27 11:55:56,436 [main] INFO  [org.elasticsearch.plugins.PluginsService] - loaded plugin [org.elasticsearch.transport.Netty4Plugin]
2017-05-27 11:56:33,946 [main] INFO  [org.elasticsearch.plugins.PluginsService] - no modules loaded
2017-05-27 11:56:33,952 [main] INFO  [org.elasticsearch.plugins.PluginsService] - loaded plugin [org.elasticsearch.index.reindex.ReindexPlugin]
2017-05-27 11:56:33,952 [main] INFO  [org.elasticsearch.plugins.PluginsService] - loaded plugin [org.elasticsearch.percolator.PercolatorPlugin]
2017-05-27 11:56:33,953 [main] INFO  [org.elasticsearch.plugins.PluginsService] - loaded plugin [org.elasticsearch.script.mustache.MustachePlugin]
2017-05-27 11:56:33,953 [main] INFO  [org.elasticsearch.plugins.PluginsService] - loaded plugin [org.elasticsearch.transport.Netty3Plugin]
2017-05-27 11:56:33,953 [main] INFO  [org.elasticsearch.plugins.PluginsService] - loaded plugin [org.elasticsearch.transport.Netty4Plugin]
2017-05-27 11:57:14,765 [main] INFO  [org.elasticsearch.plugins.PluginsService] - no modules loaded
2017-05-27 11:57:14,773 [main] INFO  [org.elasticsearch.plugins.PluginsService] - loaded plugin [org.elasticsearch.index.reindex.ReindexPlugin]
2017-05-27 11:57:14,773 [main] INFO  [org.elasticsearch.plugins.PluginsService] - loaded plugin [org.elasticsearch.percolator.PercolatorPlugin]
2017-05-27 11:57:14,774 [main] INFO  [org.elasticsearch.plugins.PluginsService] - loaded plugin [org.elasticsearch.script.mustache.MustachePlugin]
2017-05-27 11:57:14,774 [main] INFO  [org.elasticsearch.plugins.PluginsService] - loaded plugin [org.elasticsearch.transport.Netty3Plugin]
2017-05-27 11:57:14,774 [main] INFO  [org.elasticsearch.plugins.PluginsService] - loaded plugin [org.elasticsearch.transport.Netty4Plugin]
2017-05-27 11:57:36,907 [main] INFO  [org.elasticsearch.plugins.PluginsService] - no modules loaded
2017-05-27 11:57:36,914 [main] INFO  [org.elasticsearch.plugins.PluginsService] - loaded plugin [org.elasticsearch.index.reindex.ReindexPlugin]
2017-05-27 11:57:36,914 [main] INFO  [org.elasticsearch.plugins.PluginsService] - loaded plugin [org.elasticsearch.percolator.PercolatorPlugin]
2017-05-27 11:57:36,914 [main] INFO  [org.elasticsearch.plugins.PluginsService] - loaded plugin [org.elasticsearch.script.mustache.MustachePlugin]
2017-05-27 11:57:36,915 [main] INFO  [org.elasticsearch.plugins.PluginsService] - loaded plugin [org.elasticsearch.transport.Netty3Plugin]
2017-05-27 11:57:36,915 [main] INFO  [org.elasticsearch.plugins.PluginsService] - loaded plugin [org.elasticsearch.transport.Netty4Plugin]
2017-05-27 11:59:03,775 [main] INFO  [org.elasticsearch.plugins.PluginsService] - no modules loaded
2017-05-27 11:59:03,780 [main] INFO  [org.elasticsearch.plugins.PluginsService] - loaded plugin [org.elasticsearch.index.reindex.ReindexPlugin]
2017-05-27 11:59:03,781 [main] INFO  [org.elasticsearch.plugins.PluginsService] - loaded plugin [org.elasticsearch.percolator.PercolatorPlugin]
2017-05-27 11:59:03,781 [main] INFO  [org.elasticsearch.plugins.PluginsService] - loaded plugin [org.elasticsearch.script.mustache.MustachePlugin]
2017-05-27 11:59:03,782 [main] INFO  [org.elasticsearch.plugins.PluginsService] - loaded plugin [org.elasticsearch.transport.Netty3Plugin]
2017-05-27 11:59:03,782 [main] INFO  [org.elasticsearch.plugins.PluginsService] - loaded plugin [org.elasticsearch.transport.Netty4Plugin]
2017-05-27 12:34:28,990 [main] INFO  [org.elasticsearch.plugins.PluginsService] - no modules loaded
2017-05-27 12:34:28,996 [main] INFO  [org.elasticsearch.plugins.PluginsService] - loaded plugin [org.elasticsearch.index.reindex.ReindexPlugin]
2017-05-27 12:34:28,997 [main] INFO  [org.elasticsearch.plugins.PluginsService] - loaded plugin [org.elasticsearch.percolator.PercolatorPlugin]
2017-05-27 12:34:28,997 [main] INFO  [org.elasticsearch.plugins.PluginsService] - loaded plugin [org.elasticsearch.script.mustache.MustachePlugin]
2017-05-27 12:34:28,998 [main] INFO  [org.elasticsearch.plugins.PluginsService] - loaded plugin [org.elasticsearch.transport.Netty3Plugin]
2017-05-27 12:34:28,998 [main] INFO  [org.elasticsearch.plugins.PluginsService] - loaded plugin [org.elasticsearch.transport.Netty4Plugin]
2017-05-27 12:34:47,425 [main] INFO  [org.elasticsearch.plugins.PluginsService] - no modules loaded
2017-05-27 12:34:47,432 [main] INFO  [org.elasticsearch.plugins.PluginsService] - loaded plugin [org.elasticsearch.index.reindex.ReindexPlugin]
2017-05-27 12:34:47,432 [main] INFO  [org.elasticsearch.plugins.PluginsService] - loaded plugin [org.elasticsearch.percolator.PercolatorPlugin]
2017-05-27 12:34:47,432 [main] INFO  [org.elasticsearch.plugins.PluginsService] - loaded plugin [org.elasticsearch.script.mustache.MustachePlugin]
2017-05-27 12:34:47,433 [main] INFO  [org.elasticsearch.plugins.PluginsService] - loaded plugin [org.elasticsearch.transport.Netty3Plugin]
2017-05-27 12:34:47,433 [main] INFO  [org.elasticsearch.plugins.PluginsService] - loaded plugin [org.elasticsearch.transport.Netty4Plugin]
2017-05-27 12:35:12,756 [main] INFO  [org.elasticsearch.plugins.PluginsService] - no modules loaded
2017-05-27 12:35:12,762 [main] INFO  [org.elasticsearch.plugins.PluginsService] - loaded plugin [org.elasticsearch.index.reindex.ReindexPlugin]
2017-05-27 12:35:12,763 [main] INFO  [org.elasticsearch.plugins.PluginsService] - loaded plugin [org.elasticsearch.percolator.PercolatorPlugin]
2017-05-27 12:35:12,763 [main] INFO  [org.elasticsearch.plugins.PluginsService] - loaded plugin [org.elasticsearch.script.mustache.MustachePlugin]
2017-05-27 12:35:12,763 [main] INFO  [org.elasticsearch.plugins.PluginsService] - loaded plugin [org.elasticsearch.transport.Netty3Plugin]
2017-05-27 12:35:12,763 [main] INFO  [org.elasticsearch.plugins.PluginsService] - loaded plugin [org.elasticsearch.transport.Netty4Plugin]
2017-05-27 12:41:35,643 [main] INFO  [org.elasticsearch.plugins.PluginsService] - no modules loaded
2017-05-27 12:41:35,649 [main] INFO  [org.elasticsearch.plugins.PluginsService] - loaded plugin [org.elasticsearch.index.reindex.ReindexPlugin]
2017-05-27 12:41:35,649 [main] INFO  [org.elasticsearch.plugins.PluginsService] - loaded plugin [org.elasticsearch.percolator.PercolatorPlugin]
2017-05-27 12:41:35,650 [main] INFO  [org.elasticsearch.plugins.PluginsService] - loaded plugin [org.elasticsearch.script.mustache.MustachePlugin]
2017-05-27 12:41:35,650 [main] INFO  [org.elasticsearch.plugins.PluginsService] - loaded plugin [org.elasticsearch.transport.Netty3Plugin]
2017-05-27 12:41:35,650 [main] INFO  [org.elasticsearch.plugins.PluginsService] - loaded plugin [org.elasticsearch.transport.Netty4Plugin]
2017-05-27 13:48:21,174 [main] INFO  [org.elasticsearch.plugins.PluginsService] - no modules loaded
2017-05-27 13:48:21,185 [main] INFO  [org.elasticsearch.plugins.PluginsService] - loaded plugin [org.elasticsearch.index.reindex.ReindexPlugin]
2017-05-27 13:48:21,185 [main] INFO  [org.elasticsearch.plugins.PluginsService] - loaded plugin [org.elasticsearch.percolator.PercolatorPlugin]
2017-05-27 13:48:21,186 [main] INFO  [org.elasticsearch.plugins.PluginsService] - loaded plugin [org.elasticsearch.script.mustache.MustachePlugin]
2017-05-27 13:48:21,186 [main] INFO  [org.elasticsearch.plugins.PluginsService] - loaded plugin [org.elasticsearch.transport.Netty3Plugin]
2017-05-27 13:48:21,187 [main] INFO  [org.elasticsearch.plugins.PluginsService] - loaded plugin [org.elasticsearch.transport.Netty4Plugin]
2017-05-27 13:52:02,022 [main] INFO  [org.elasticsearch.plugins.PluginsService] - no modules loaded
2017-05-27 13:52:02,054 [main] INFO  [org.elasticsearch.plugins.PluginsService] - loaded plugin [org.elasticsearch.index.reindex.ReindexPlugin]
2017-05-27 13:52:02,054 [main] INFO  [org.elasticsearch.plugins.PluginsService] - loaded plugin [org.elasticsearch.percolator.PercolatorPlugin]
2017-05-27 13:52:02,055 [main] INFO  [org.elasticsearch.plugins.PluginsService] - loaded plugin [org.elasticsearch.script.mustache.MustachePlugin]
2017-05-27 13:52:02,055 [main] INFO  [org.elasticsearch.plugins.PluginsService] - loaded plugin [org.elasticsearch.transport.Netty3Plugin]
2017-05-27 13:52:02,055 [main] INFO  [org.elasticsearch.plugins.PluginsService] - loaded plugin [org.elasticsearch.transport.Netty4Plugin]
2017-05-27 13:54:40,813 [main] INFO  [org.elasticsearch.plugins.PluginsService] - no modules loaded
2017-05-27 13:54:40,832 [main] INFO  [org.elasticsearch.plugins.PluginsService] - loaded plugin [org.elasticsearch.index.reindex.ReindexPlugin]
2017-05-27 13:54:40,833 [main] INFO  [org.elasticsearch.plugins.PluginsService] - loaded plugin [org.elasticsearch.percolator.PercolatorPlugin]
2017-05-27 13:54:40,834 [main] INFO  [org.elasticsearch.plugins.PluginsService] - loaded plugin [org.elasticsearch.script.mustache.MustachePlugin]
2017-05-27 13:54:40,834 [main] INFO  [org.elasticsearch.plugins.PluginsService] - loaded plugin [org.elasticsearch.transport.Netty3Plugin]
2017-05-27 13:54:40,834 [main] INFO  [org.elasticsearch.plugins.PluginsService] - loaded plugin [org.elasticsearch.transport.Netty4Plugin]
2017-05-27 13:55:26,171 [main] INFO  [org.elasticsearch.plugins.PluginsService] - no modules loaded
2017-05-27 13:55:26,182 [main] INFO  [org.elasticsearch.plugins.PluginsService] - loaded plugin [org.elasticsearch.index.reindex.ReindexPlugin]
2017-05-27 13:55:26,183 [main] INFO  [org.elasticsearch.plugins.PluginsService] - loaded plugin [org.elasticsearch.percolator.PercolatorPlugin]
2017-05-27 13:55:26,183 [main] INFO  [org.elasticsearch.plugins.PluginsService] - loaded plugin [org.elasticsearch.script.mustache.MustachePlugin]
2017-05-27 13:55:26,183 [main] INFO  [org.elasticsearch.plugins.PluginsService] - loaded plugin [org.elasticsearch.transport.Netty3Plugin]
2017-05-27 13:55:26,184 [main] INFO  [org.elasticsearch.plugins.PluginsService] - loaded plugin [org.elasticsearch.transport.Netty4Plugin]
2017-05-27 13:56:39,549 [main] INFO  [org.elasticsearch.plugins.PluginsService] - no modules loaded
2017-05-27 13:56:39,561 [main] INFO  [org.elasticsearch.plugins.PluginsService] - loaded plugin [org.elasticsearch.index.reindex.ReindexPlugin]
2017-05-27 13:56:39,562 [main] INFO  [org.elasticsearch.plugins.PluginsService] - loaded plugin [org.elasticsearch.percolator.PercolatorPlugin]
2017-05-27 13:56:39,563 [main] INFO  [org.elasticsearch.plugins.PluginsService] - loaded plugin [org.elasticsearch.script.mustache.MustachePlugin]
2017-05-27 13:56:39,564 [main] INFO  [org.elasticsearch.plugins.PluginsService] - loaded plugin [org.elasticsearch.transport.Netty3Plugin]
2017-05-27 13:56:39,564 [main] INFO  [org.elasticsearch.plugins.PluginsService] - loaded plugin [org.elasticsearch.transport.Netty4Plugin]
2017-05-27 13:58:15,810 [main] INFO  [org.elasticsearch.plugins.PluginsService] - no modules loaded
2017-05-27 13:58:15,845 [main] INFO  [org.elasticsearch.plugins.PluginsService] - loaded plugin [org.elasticsearch.index.reindex.ReindexPlugin]
2017-05-27 13:58:15,845 [main] INFO  [org.elasticsearch.plugins.PluginsService] - loaded plugin [org.elasticsearch.percolator.PercolatorPlugin]
2017-05-27 13:58:15,845 [main] INFO  [org.elasticsearch.plugins.PluginsService] - loaded plugin [org.elasticsearch.script.mustache.MustachePlugin]
2017-05-27 13:58:15,845 [main] INFO  [org.elasticsearch.plugins.PluginsService] - loaded plugin [org.elasticsearch.transport.Netty3Plugin]
2017-05-27 13:58:15,848 [main] INFO  [org.elasticsearch.plugins.PluginsService] - loaded plugin [org.elasticsearch.transport.Netty4Plugin]
2017-05-27 14:06:14,908 [main] INFO  [org.elasticsearch.plugins.PluginsService] - no modules loaded
2017-05-27 14:06:14,924 [main] INFO  [org.elasticsearch.plugins.PluginsService] - loaded plugin [org.elasticsearch.index.reindex.ReindexPlugin]
2017-05-27 14:06:14,924 [main] INFO  [org.elasticsearch.plugins.PluginsService] - loaded plugin [org.elasticsearch.percolator.PercolatorPlugin]
2017-05-27 14:06:14,924 [main] INFO  [org.elasticsearch.plugins.PluginsService] - loaded plugin [org.elasticsearch.script.mustache.MustachePlugin]
2017-05-27 14:06:14,926 [main] INFO  [org.elasticsearch.plugins.PluginsService] - loaded plugin [org.elasticsearch.transport.Netty3Plugin]
2017-05-27 14:06:14,926 [main] INFO  [org.elasticsearch.plugins.PluginsService] - loaded plugin [org.elasticsearch.transport.Netty4Plugin]
2017-05-27 14:07:08,549 [main] INFO  [org.elasticsearch.plugins.PluginsService] - no modules loaded
2017-05-27 14:07:08,567 [main] INFO  [org.elasticsearch.plugins.PluginsService] - loaded plugin [org.elasticsearch.index.reindex.ReindexPlugin]
2017-05-27 14:07:08,568 [main] INFO  [org.elasticsearch.plugins.PluginsService] - loaded plugin [org.elasticsearch.percolator.PercolatorPlugin]
2017-05-27 14:07:08,568 [main] INFO  [org.elasticsearch.plugins.PluginsService] - loaded plugin [org.elasticsearch.script.mustache.MustachePlugin]
2017-05-27 14:07:08,569 [main] INFO  [org.elasticsearch.plugins.PluginsService] - loaded plugin [org.elasticsearch.transport.Netty3Plugin]
2017-05-27 14:07:08,569 [main] INFO  [org.elasticsearch.plugins.PluginsService] - loaded plugin [org.elasticsearch.transport.Netty4Plugin]
2017-05-27 14:10:53,554 [main] INFO  [org.elasticsearch.plugins.PluginsService] - no modules loaded
2017-05-27 14:10:53,570 [main] INFO  [org.elasticsearch.plugins.PluginsService] - loaded plugin [org.elasticsearch.index.reindex.ReindexPlugin]
2017-05-27 14:10:53,574 [main] INFO  [org.elasticsearch.plugins.PluginsService] - loaded plugin [org.elasticsearch.percolator.PercolatorPlugin]
2017-05-27 14:10:53,575 [main] INFO  [org.elasticsearch.plugins.PluginsService] - loaded plugin [org.elasticsearch.script.mustache.MustachePlugin]
2017-05-27 14:10:53,578 [main] INFO  [org.elasticsearch.plugins.PluginsService] - loaded plugin [org.elasticsearch.transport.Netty3Plugin]
2017-05-27 14:10:53,581 [main] INFO  [org.elasticsearch.plugins.PluginsService] - loaded plugin [org.elasticsearch.transport.Netty4Plugin]
2017-05-27 14:12:20,424 [main] INFO  [org.elasticsearch.plugins.PluginsService] - no modules loaded
2017-05-27 14:12:20,454 [main] INFO  [org.elasticsearch.plugins.PluginsService] - loaded plugin [org.elasticsearch.index.reindex.ReindexPlugin]
2017-05-27 14:12:20,454 [main] INFO  [org.elasticsearch.plugins.PluginsService] - loaded plugin [org.elasticsearch.percolator.PercolatorPlugin]
2017-05-27 14:12:20,455 [main] INFO  [org.elasticsearch.plugins.PluginsService] - loaded plugin [org.elasticsearch.script.mustache.MustachePlugin]
2017-05-27 14:12:20,457 [main] INFO  [org.elasticsearch.plugins.PluginsService] - loaded plugin [org.elasticsearch.transport.Netty3Plugin]
2017-05-27 14:12:20,459 [main] INFO  [org.elasticsearch.plugins.PluginsService] - loaded plugin [org.elasticsearch.transport.Netty4Plugin]
2017-05-27 14:12:51,324 [main] INFO  [org.elasticsearch.plugins.PluginsService] - no modules loaded
2017-05-27 14:12:51,336 [main] INFO  [org.elasticsearch.plugins.PluginsService] - loaded plugin [org.elasticsearch.index.reindex.ReindexPlugin]
2017-05-27 14:12:51,336 [main] INFO  [org.elasticsearch.plugins.PluginsService] - loaded plugin [org.elasticsearch.percolator.PercolatorPlugin]
2017-05-27 14:12:51,337 [main] INFO  [org.elasticsearch.plugins.PluginsService] - loaded plugin [org.elasticsearch.script.mustache.MustachePlugin]
2017-05-27 14:12:51,337 [main] INFO  [org.elasticsearch.plugins.PluginsService] - loaded plugin [org.elasticsearch.transport.Netty3Plugin]
2017-05-27 14:12:51,338 [main] INFO  [org.elasticsearch.plugins.PluginsService] - loaded plugin [org.elasticsearch.transport.Netty4Plugin]
2017-05-27 14:13:28,139 [main] INFO  [org.elasticsearch.plugins.PluginsService] - no modules loaded
2017-05-27 14:13:28,150 [main] INFO  [org.elasticsearch.plugins.PluginsService] - loaded plugin [org.elasticsearch.index.reindex.ReindexPlugin]
2017-05-27 14:13:28,150 [main] INFO  [org.elasticsearch.plugins.PluginsService] - loaded plugin [org.elasticsearch.percolator.PercolatorPlugin]
2017-05-27 14:13:28,150 [main] INFO  [org.elasticsearch.plugins.PluginsService] - loaded plugin [org.elasticsearch.script.mustache.MustachePlugin]
2017-05-27 14:13:28,151 [main] INFO  [org.elasticsearch.plugins.PluginsService] - loaded plugin [org.elasticsearch.transport.Netty3Plugin]
2017-05-27 14:13:28,151 [main] INFO  [org.elasticsearch.plugins.PluginsService] - loaded plugin [org.elasticsearch.transport.Netty4Plugin]
2017-05-27 14:14:12,402 [main] INFO  [org.elasticsearch.plugins.PluginsService] - no modules loaded
2017-05-27 14:14:12,415 [main] INFO  [org.elasticsearch.plugins.PluginsService] - loaded plugin [org.elasticsearch.index.reindex.ReindexPlugin]
2017-05-27 14:14:12,416 [main] INFO  [org.elasticsearch.plugins.PluginsService] - loaded plugin [org.elasticsearch.percolator.PercolatorPlugin]
2017-05-27 14:14:12,417 [main] INFO  [org.elasticsearch.plugins.PluginsService] - loaded plugin [org.elasticsearch.script.mustache.MustachePlugin]
2017-05-27 14:14:12,417 [main] INFO  [org.elasticsearch.plugins.PluginsService] - loaded plugin [org.elasticsearch.transport.Netty3Plugin]
2017-05-27 14:14:12,417 [main] INFO  [org.elasticsearch.plugins.PluginsService] - loaded plugin [org.elasticsearch.transport.Netty4Plugin]
2017-05-27 14:16:51,137 [main] INFO  [org.elasticsearch.plugins.PluginsService] - no modules loaded
2017-05-27 14:16:51,151 [main] INFO  [org.elasticsearch.plugins.PluginsService] - loaded plugin [org.elasticsearch.index.reindex.ReindexPlugin]
2017-05-27 14:16:51,152 [main] INFO  [org.elasticsearch.plugins.PluginsService] - loaded plugin [org.elasticsearch.percolator.PercolatorPlugin]
2017-05-27 14:16:51,152 [main] INFO  [org.elasticsearch.plugins.PluginsService] - loaded plugin [org.elasticsearch.script.mustache.MustachePlugin]
2017-05-27 14:16:51,153 [main] INFO  [org.elasticsearch.plugins.PluginsService] - loaded plugin [org.elasticsearch.transport.Netty3Plugin]
2017-05-27 14:16:51,153 [main] INFO  [org.elasticsearch.plugins.PluginsService] - loaded plugin [org.elasticsearch.transport.Netty4Plugin]
2017-05-27 16:39:06,614 [main] INFO  [org.elasticsearch.plugins.PluginsService] - no modules loaded
2017-05-27 16:39:06,693 [main] INFO  [org.elasticsearch.plugins.PluginsService] - loaded plugin [org.elasticsearch.index.reindex.ReindexPlugin]
2017-05-27 16:39:06,694 [main] INFO  [org.elasticsearch.plugins.PluginsService] - loaded plugin [org.elasticsearch.percolator.PercolatorPlugin]
2017-05-27 16:39:06,694 [main] INFO  [org.elasticsearch.plugins.PluginsService] - loaded plugin [org.elasticsearch.script.mustache.MustachePlugin]
2017-05-27 16:39:06,694 [main] INFO  [org.elasticsearch.plugins.PluginsService] - loaded plugin [org.elasticsearch.transport.Netty3Plugin]
2017-05-27 16:39:06,695 [main] INFO  [org.elasticsearch.plugins.PluginsService] - loaded plugin [org.elasticsearch.transport.Netty4Plugin]
2017-05-27 16:39:45,403 [main] INFO  [org.elasticsearch.plugins.PluginsService] - no modules loaded
2017-05-27 16:39:45,427 [main] INFO  [org.elasticsearch.plugins.PluginsService] - loaded plugin [org.elasticsearch.index.reindex.ReindexPlugin]
2017-05-27 16:39:45,428 [main] INFO  [org.elasticsearch.plugins.PluginsService] - loaded plugin [org.elasticsearch.percolator.PercolatorPlugin]
2017-05-27 16:39:45,429 [main] INFO  [org.elasticsearch.plugins.PluginsService] - loaded plugin [org.elasticsearch.script.mustache.MustachePlugin]
2017-05-27 16:39:45,429 [main] INFO  [org.elasticsearch.plugins.PluginsService] - loaded plugin [org.elasticsearch.transport.Netty3Plugin]
2017-05-27 16:39:45,430 [main] INFO  [org.elasticsearch.plugins.PluginsService] - loaded plugin [org.elasticsearch.transport.Netty4Plugin]
